Arguments: 
  /usr/local/bin/node /usr/local/Cellar/yarn/1.22.19/libexec/bin/yarn.js

PATH: 
  /usr/local/bin:/usr/bin:/bin:/usr/sbin:/sbin:/Library/Java/JavaVirtualMachines/jdk1.8.0_291.jdk/Contents/Home/bin:/Library/Apple/usr/bin

Yarn version: 
  1.22.19

Node version: 
  18.16.0

Platform: 
  darwin x64

Trace: 
  SyntaxError: /Users/mac/Frontend/pwa-starter/package.json: Unexpected token } in JSON at position 355
      at JSON.parse (<anonymous>)
      at /usr/local/Cellar/yarn/1.22.19/libexec/lib/cli.js:1629:59
      at Generator.next (<anonymous>)
      at step (/usr/local/Cellar/yarn/1.22.19/libexec/lib/cli.js:310:30)
      at /usr/local/Cellar/yarn/1.22.19/libexec/lib/cli.js:321:13

npm manifest: 
  {
    "name": "pwa-starter",
    "version": "0.0.1",
    "description": "A starter kit for building PWAs!",
    "main": "index.js",
    "scripts": {
      "dev-server": "vite --open",
      "dev": "npm run dev-server",
      "deploy": " npx @azure/static-web-apps-cli login --no-use-keychain && npx @azure/static-web-apps-cli deploy",
      "build": "tsc && vite build",
    },
    "author": "",
    "license": "ISC",
    "dependencies": {
      "@shoelace-style/shoelace": "^2.4.0",
      "@thepassle/app-tools": "^0.9.0",
      "lit": "^2.7.2",
      "urlpattern-polyfill": "^7.0.0",
      "workbox-build": "^6.5.2",
      "workbox-core": "^6.5.2",
      "workbox-precaching": "^6.5.2"
    },
    "devDependencies": {
      "typescript": "^5.0.4",
      "vite": "^4.2.1",
      "vite-plugin-pwa": "^0.14.7"
    },
    "prettier": {
      "tabWidth": 2,
      "useTabs": false,
      "semi": true,
      "singleQuote": true,
      "quoteProps": "consistent",
      "trailingComma": "es5",
      "endOfLine": "crlf",
      "bracketSpacing": true
    }
  }

yarn manifest: 
  No manifest

Lockfile: 
  No lockfile
